04, 03, 2018 (12:28:07): Opening rpy file C:\Program Files (x86)\IBM\Rational\Rhapsody Modeler\7.5\Share\Properties\PredefinedTypes.sbs
04, 03, 2018 (12:28:07): 
 Started loading C:\Program Files (x86)\IBM\Rational\Rhapsody Modeler\7.5\Share\Properties\PredefinedTypes.sbs on Tuesday, April 03, 2018 (12:28:07).-

04, 03, 2018 (12:28:07): 

Starting inUnit resolution phase


04, 03, 2018 (12:28:07): 

Finished inUnit resolution phase


04, 03, 2018 (12:28:07): 
 Finished loading C:\Program Files (x86)\IBM\Rational\Rhapsody Modeler\7.5\Share\Properties\PredefinedTypes.sbs on Tuesday, April 03, 2018 (12:28:07).-

04, 03, 2018 (12:28:07): Opening rpy file C:\Program Files (x86)\IBM\Rational\Rhapsody Modeler\7.5\Share\Properties\PredefinedTypesC++.sbs
04, 03, 2018 (12:28:07): 
 Started loading C:\Program Files (x86)\IBM\Rational\Rhapsody Modeler\7.5\Share\Properties\PredefinedTypesC++.sbs on Tuesday, April 03, 2018 (12:28:07).-

04, 03, 2018 (12:28:07): 

Starting inUnit resolution phase


04, 03, 2018 (12:28:07): 

Finished inUnit resolution phase


04, 03, 2018 (12:28:07): 
 Finished loading C:\Program Files (x86)\IBM\Rational\Rhapsody Modeler\7.5\Share\Properties\PredefinedTypesC++.sbs on Tuesday, April 03, 2018 (12:28:07).-

04, 03, 2018 (12:28:07): Opening rpy file C:\Users\aluno\Pictures\ZordBOLETAS\ZordBOLETAS.rpy
04, 03, 2018 (12:28:07): 
 Started loading C:\Users\aluno\Pictures\ZordBOLETAS\ZordBOLETAS.rpy on Tuesday, April 03, 2018 (12:28:07).-

04, 03, 2018 (12:28:07): Opening rpy file C:\Users\aluno\Pictures\ZordBOLETAS\ZordBOLETAS_rpy\Default.sbs
04, 03, 2018 (12:28:07): 
 Started loading C:\Users\aluno\Pictures\ZordBOLETAS\ZordBOLETAS_rpy\Default.sbs on Tuesday, April 03, 2018 (12:28:07).-

04, 03, 2018 (12:28:07): 

Starting inUnit resolution phase


04, 03, 2018 (12:28:07): 

Finished inUnit resolution phase


04, 03, 2018 (12:28:07): 
 Finished loading C:\Users\aluno\Pictures\ZordBOLETAS\ZordBOLETAS_rpy\Default.sbs on Tuesday, April 03, 2018 (12:28:07).-

04, 03, 2018 (12:28:07): Opening rpy file C:\Users\aluno\Pictures\ZordBOLETAS\ZordBOLETAS_rpy\Subsystem.sbs
04, 03, 2018 (12:28:07): 
 Started loading C:\Users\aluno\Pictures\ZordBOLETAS\ZordBOLETAS_rpy\Subsystem.sbs on Tuesday, April 03, 2018 (12:28:07).-

04, 03, 2018 (12:28:07): 

Starting inUnit resolution phase


04, 03, 2018 (12:28:07): 

Finished inUnit resolution phase


04, 03, 2018 (12:28:07): 
 Finished loading C:\Users\aluno\Pictures\ZordBOLETAS\ZordBOLETAS_rpy\Subsystem.sbs on Tuesday, April 03, 2018 (12:28:07).-

04, 03, 2018 (12:28:07): Opening rpy file C:\Users\aluno\Pictures\ZordBOLETAS\ZordBOLETAS_rpy\Requirements.sbs
04, 03, 2018 (12:28:07): 
 Started loading C:\Users\aluno\Pictures\ZordBOLETAS\ZordBOLETAS_rpy\Requirements.sbs on Tuesday, April 03, 2018 (12:28:07).-

04, 03, 2018 (12:28:07): 

Starting inUnit resolution phase


04, 03, 2018 (12:28:07): 

Finished inUnit resolution phase


04, 03, 2018 (12:28:07): 
 Finished loading C:\Users\aluno\Pictures\ZordBOLETAS\ZordBOLETAS_rpy\Requirements.sbs on Tuesday, April 03, 2018 (12:28:07).-

04, 03, 2018 (12:28:07): Opening rpy file C:\Users\aluno\Pictures\ZordBOLETAS\ZordBOLETAS_rpy\ArchitecturePkg.sbs
04, 03, 2018 (12:28:07): 
 Started loading C:\Users\aluno\Pictures\ZordBOLETAS\ZordBOLETAS_rpy\ArchitecturePkg.sbs on Tuesday, April 03, 2018 (12:28:07).-

04, 03, 2018 (12:28:07): 

Starting inUnit resolution phase


04, 03, 2018 (12:28:07): 

Finished inUnit resolution phase


04, 03, 2018 (12:28:07): 
 Finished loading C:\Users\aluno\Pictures\ZordBOLETAS\ZordBOLETAS_rpy\ArchitecturePkg.sbs on Tuesday, April 03, 2018 (12:28:07).-

04, 03, 2018 (12:28:07): Opening rpy file C:\Users\aluno\Pictures\ZordBOLETAS\ZordBOLETAS_rpy\AnalysisPkg.sbs
04, 03, 2018 (12:28:07): 
 Started loading C:\Users\aluno\Pictures\ZordBOLETAS\ZordBOLETAS_rpy\AnalysisPkg.sbs on Tuesday, April 03, 2018 (12:28:07).-

04, 03, 2018 (12:28:07): 

Starting inUnit resolution phase


04, 03, 2018 (12:28:07): 

Finished inUnit resolution phase


04, 03, 2018 (12:28:07): 
 Finished loading C:\Users\aluno\Pictures\ZordBOLETAS\ZordBOLETAS_rpy\AnalysisPkg.sbs on Tuesday, April 03, 2018 (12:28:07).-

04, 03, 2018 (12:28:07): Opening rpy file C:\Users\aluno\Pictures\ZordBOLETAS\ZordBOLETAS_rpy\DefaultComponent.cmp
04, 03, 2018 (12:28:07): 
 Started loading C:\Users\aluno\Pictures\ZordBOLETAS\ZordBOLETAS_rpy\DefaultComponent.cmp on Tuesday, April 03, 2018 (12:28:07).-

04, 03, 2018 (12:28:07): 

Starting inUnit resolution phase


04, 03, 2018 (12:28:07): 

Finished inUnit resolution phase


04, 03, 2018 (12:28:07): 
 Finished loading C:\Users\aluno\Pictures\ZordBOLETAS\ZordBOLETAS_rpy\DefaultComponent.cmp on Tuesday, April 03, 2018 (12:28:07).-

04, 03, 2018 (12:28:07): 

Starting inUnit resolution phase


04, 03, 2018 (12:28:07): 

Finished inUnit resolution phase


04, 03, 2018 (12:28:07): 

Starting inUnit resolution phase


04, 03, 2018 (12:28:07): 

Finished inUnit resolution phase


04, 03, 2018 (12:28:07): 

Starting inUnit resolution phase


04, 03, 2018 (12:28:07): 

Finished inUnit resolution phase


04, 03, 2018 (12:28:07): 
 Finished loading C:\Users\aluno\Pictures\ZordBOLETAS\ZordBOLETAS.rpy on Tuesday, April 03, 2018 (12:28:07).-

04, 03, 2018 (12:28:07): Starting checks of EventsBaseID conflicts
04, 03, 2018 (12:28:07): Finished checks of EventsBaseID conflicts
04, 03, 2018 (12:28:07): End Log
