04, 03, 2018 (13:26:20): Starting Pre-Save actions

04, 03, 2018 (13:26:20): Starting Dialogs Check/Save
04, 03, 2018 (13:26:20): Finished Dialogs Check/Save
04, 03, 2018 (13:26:20): Starting Controlled Files Resolution
04, 03, 2018 (13:26:20): Finished Controlled Files Resolution
04, 03, 2018 (13:26:20): Finished Pre-Save actions

04, 03, 2018 (13:26:20): Creating C:\Users\aluno\Pictures\ZordBOLETAS\ZordBOLETAS.rpy
04, 03, 2018 (13:26:20): 
Started writing C:\Users\aluno\Pictures\ZordBOLETAS\ZordBOLETAS.rpy on Tuesday, April 03, 2018 (13:26:20)

04, 03, 2018 (13:26:20): version 8.5.2
04, 03, 2018 (13:26:20): 
Started writing C:\Users\aluno\Pictures\ZordBOLETAS\ZordBOLETAS_rpy\filesTable.dat on Tuesday, April 03, 2018 (13:26:20)

04, 03, 2018 (13:26:20): Finished writing C:\Users\aluno\Pictures\ZordBOLETAS\ZordBOLETAS_rpy\filesTable.dat on Tuesday, April 03, 2018 (13:26:20)

04, 03, 2018 (13:26:20): Creating C:\Users\aluno\Pictures\ZordBOLETAS\ZordBOLETAS_rpy\Subsystem.sbs
04, 03, 2018 (13:26:20): 
Started writing C:\Users\aluno\Pictures\ZordBOLETAS\ZordBOLETAS_rpy\Subsystem.sbs on Tuesday, April 03, 2018 (13:26:20)

04, 03, 2018 (13:26:20): version 8.5.2
04, 03, 2018 (13:26:20): Finished writing C:\Users\aluno\Pictures\ZordBOLETAS\ZordBOLETAS_rpy\Subsystem.sbs on Tuesday, April 03, 2018 (13:26:20)

04, 03, 2018 (13:26:20): Creating C:\Users\aluno\Pictures\ZordBOLETAS\ZordBOLETAS_rpy\Requirements.sbs
04, 03, 2018 (13:26:20): 
Started writing C:\Users\aluno\Pictures\ZordBOLETAS\ZordBOLETAS_rpy\Requirements.sbs on Tuesday, April 03, 2018 (13:26:20)

04, 03, 2018 (13:26:20): version 8.5.2
04, 03, 2018 (13:26:20): Finished writing C:\Users\aluno\Pictures\ZordBOLETAS\ZordBOLETAS_rpy\Requirements.sbs on Tuesday, April 03, 2018 (13:26:20)

04, 03, 2018 (13:26:20): Finished writing C:\Users\aluno\Pictures\ZordBOLETAS\ZordBOLETAS.rpy on Tuesday, April 03, 2018 (13:26:20)

04, 03, 2018 (13:26:20): End Log
